<?xml version="1.0" encoding="UTF-8"?>
<testsuite name="selenide.interpretation.Report" tests="9" skipped="0" failures="0" errors="0" timestamp="2022-07-18T09:44:35" hostname="WS39" time="13.781">
  <properties/>
  <testcase name="authorization()" classname="selenide.interpretation.Report" time="4.44"/>
  <testcase name="goToReport()" classname="selenide.interpretation.Report" time="1.127"/>
  <testcase name="reportCreate()" classname="selenide.interpretation.Report" time="0.824"/>
  <testcase name="inputAuthor()" classname="selenide.interpretation.Report" time="1.204"/>
  <testcase name="selectType()" classname="selenide.interpretation.Report" time="0.35"/>
  <testcase name="selectOrganization()" classname="selenide.interpretation.Report" time="0.542"/>
  <testcase name="inputNumber()" classname="selenide.interpretation.Report" time="0.589"/>
  <testcase name="downloadFile()" classname="selenide.interpretation.Report" time="0.154"/>
  <testcase name="submit()" classname="selenide.interpretation.Report" time="4.539"/>
  <system-out><![CDATA[]]></system-out>
  <system-err><![CDATA[SLF4J: Failed to load class "org.slf4j.impl.StaticLoggerBinder".
SLF4J: Defaulting to no-operation (NOP) logger implementation
SLF4J: See http://www.slf4j.org/codes.html#StaticLoggerBinder for further details.
Jul 18, 2022 4:44:36 PM org.openqa.selenium.remote.RemoteWebDriver checkNonW3CCapabilities
WARNING: Support for Legacy Capabilities is deprecated; You are sending the following invalid capabilities: [acceptSslCerts, handlesAlerts, javascriptEnabled, takesScreenshot]; Please update to W3C Syntax: https://www.selenium.dev/blog/2022/legacy-protocol-support/
Starting ChromeDriver 103.0.5060.53 (a1711811edd74ff1cf2150f36ffa3b0dae40b17f-refs/branch-heads/5060@{#853}) on port 64661
Only local connections are allowed.
Please see https://chromedriver.chromium.org/security-considerations for suggestions on keeping ChromeDriver safe.
ChromeDriver was started successfully.
Jul 18, 2022 4:44:38 PM org.openqa.selenium.remote.ProtocolHandshake createSession
INFO: Detected upstream dialect: W3C
Jul 18, 2022 4:44:38 PM org.openqa.selenium.remote.ProtocolHandshake createSession
WARNING: Support for Legacy Capabilities is deprecated; You are sending the following invalid capabilities: [acceptSslCerts, handlesAlerts, javascriptEnabled, takesScreenshot]; Please update to W3C Syntax: https://www.selenium.dev/blog/2022/legacy-protocol-support/
Jul 18, 2022 4:44:38 PM org.openqa.selenium.devtools.CdpVersionFinder findNearestMatch
INFO: Found exact CDP implementation for version 103
]]></system-err>
</testsuite>
