<?xml version="1.0" encoding="UTF-8"?>
<testsuite name="selenide.interpretation.Report" tests="8" skipped="1" failures="0" errors="0" timestamp="2022-07-14T10:50:46" hostname="WS39" time="9.325">
  <properties/>
  <testcase name="authorization()" classname="selenide.interpretation.Report" time="4.643"/>
  <testcase name="goToReport()" classname="selenide.interpretation.Report" time="1.17"/>
  <testcase name="reportCreate()" classname="selenide.interpretation.Report" time="0.823"/>
  <testcase name="inputAuthor()" classname="selenide.interpretation.Report" time="1.225"/>
  <testcase name="selectType()" classname="selenide.interpretation.Report" time="0.325"/>
  <testcase name="selectOrganization()" classname="selenide.interpretation.Report" time="0.538"/>
  <testcase name="inputNumber()" classname="selenide.interpretation.Report" time="0.591"/>
  <testcase name="downloadFile()" classname="selenide.interpretation.Report" time="0.001">
    <skipped/>
  </testcase>
  <system-out><![CDATA[]]></system-out>
  <system-err><![CDATA[SLF4J: Failed to load class "org.slf4j.impl.StaticLoggerBinder".
SLF4J: Defaulting to no-operation (NOP) logger implementation
SLF4J: See http://www.slf4j.org/codes.html#StaticLoggerBinder for further details.
Jul 14, 2022 5:50:47 PM org.openqa.selenium.remote.RemoteWebDriver checkNonW3CCapabilities
WARNING: Support for Legacy Capabilities is deprecated; You are sending the following invalid capabilities: [acceptSslCerts, handlesAlerts, javascriptEnabled, takesScreenshot]; Please update to W3C Syntax: https://www.selenium.dev/blog/2022/legacy-protocol-support/
Starting ChromeDriver 103.0.5060.53 (a1711811edd74ff1cf2150f36ffa3b0dae40b17f-refs/branch-heads/5060@{#853}) on port 54859
Only local connections are allowed.
Please see https://chromedriver.chromium.org/security-considerations for suggestions on keeping ChromeDriver safe.
ChromeDriver was started successfully.
Jul 14, 2022 5:50:48 PM org.openqa.selenium.remote.ProtocolHandshake createSession
INFO: Detected upstream dialect: W3C
Jul 14, 2022 5:50:48 PM org.openqa.selenium.remote.ProtocolHandshake createSession
WARNING: Support for Legacy Capabilities is deprecated; You are sending the following invalid capabilities: [acceptSslCerts, handlesAlerts, javascriptEnabled, takesScreenshot]; Please update to W3C Syntax: https://www.selenium.dev/blog/2022/legacy-protocol-support/
Jul 14, 2022 5:50:49 PM org.openqa.selenium.devtools.CdpVersionFinder findNearestMatch
INFO: Found exact CDP implementation for version 103
]]></system-err>
</testsuite>
